2025-07-21 13:06:42,465 - __main__ - CRITICAL - Критическая ошибка: name 'PreCheckoutQueryHandler' is not defined
2025-07-21 13:12:00,016 - __main__ - CRITICAL - Критическая ошибка: name 'PreCheckoutQueryHandler' is not defined
2025-07-21 13:12:47,401 - __main__ - CRITICAL - Критическая ошибка: name 'PreCheckoutQueryHandler' is not defined
2025-07-21 13:13:52,421 - __main__ - CRITICAL - Критическая ошибка: name 'PreCheckoutQueryHandler' is not defined
2025-07-21 13:23:39,668 - __main__ - CRITICAL - Критическая ошибка: There is no current event loop in thread 'MainThread'.
2025-07-21 13:25:53,431 - __main__ - CRITICAL - Критическая ошибка: name 'PreCheckoutQueryHandler' is not defined
2025-07-21 13:27:55,692 - __main__ - CRITICAL - Критическая ошибка: name 'PreCheckoutQueryHandler' is not defined
2025-07-21 13:42:15,845 - __main__ - INFO - Бот запущен
2025-07-21 13:58:53,127 - __main__ - INFO - Бот для отписки запущен
2025-07-21 13:58:53,127 - __main__ - CRITICAL - Критическая ошибка: There is no current event loop in thread 'MainThread'.
2025-07-21 13:59:04,187 - __main__ - INFO - Бот для отписки запущен
2025-07-21 13:59:04,187 - __main__ - CRITICAL - Критическая ошибка: There is no current event loop in thread 'MainThread'.
2025-07-21 14:04:27,179 - __main__ - INFO - Бот для отписки запущен
2025-07-21 14:04:27,181 - __main__ - CRITICAL - Критическая ошибка: Cannot close a running event loop
2025-07-21 14:12:11,169 - __main__ - INFO - Бот для отписки запущен
2025-07-21 14:23:22,374 - __main__ - INFO - Бот для отписки запущен
2025-07-21 14:39:01,603 - __main__ - INFO - Бот для отписки запущен
2025-07-21 14:39:01,606 - __main__ - CRITICAL - Критическая ошибка: Cannot close a running event loop
2025-07-21 14:45:13,855 - __main__ - CRITICAL - Fatal error: name 'handle_free_text' is not defined
2025-07-21 14:45:29,922 - __main__ - CRITICAL - Fatal error: name 'handle_free_text' is not defined
2025-07-21 14:53:52,281 - __main__ - INFO - Бот запущен
2025-07-21 14:53:52,375 - apscheduler.scheduler - INFO - Scheduler started
2025-07-21 14:53:52,375 - telegram.ext.Application - INFO - Application started
2025-07-21 15:09:20,610 - __main__ - INFO - Бот запущен
2025-07-21 15:09:20,707 - apscheduler.scheduler - INFO - Scheduler started
2025-07-21 15:09:20,707 - telegram.ext.Application - INFO - Application started
